<?xml version="1.0" encoding="UTF-8"?>
<!-- Generated by org.testng.reporters.JUnitXMLReporter -->
<testsuite ignored="0" hostname="IC985v2-227" failures="0" tests="3" name="Default test" time="6.916" errors="0" timestamp="2023-01-24T02:39:34 EST">
  <testcase classname="testScripts.ConfirmOrderTest" name="addItemToCartTest" time="0.008"/>
  <testcase classname="testScripts.ConfirmOrderTest" name="searchItemTest" time="0.568"/>
  <testcase classname="testScripts.ConfirmOrderTest" name="checkOutTest" time="0.261"/>
</testsuite> <!-- Default test -->
